<?xml version="1.0" encoding="UTF-8"?>
<!-- Generated by org.testng.reporters.JUnitReportReporter -->
<testsuite hostname="LAPTOP-96NGRBBO" failures="0" tests="10" name="comcast_hms_testNgTest.Hms_AllTest" time="82.865" errors="1" timestamp="2025-03-19T12:53:10 IST" skipped="0">
  <testcase classname="comcast_hms_testNgTest.Hms_AllTest" name="OPDPatientInvoice_Test" time="11.943"/>
  <system-out/>
  <testcase classname="comcast_hms_testNgTest.Hms_AllTest" name="CreateStaff_Test" time="24.147"/>
  <system-out/>
  <testcase classname="comcast_hms_testNgTest.Hms_AllTest" name="ViewOPDPatientInvoice_Test" time="5.281"/>
  <system-out/>
  <testcase classname="comcast_hms_testNgTest.Hms_AllTest" name="CreatePatient_Test" time="8.590"/>
  <system-out/>
  <testcase classname="comcast_hms_testNgTest.Hms_AllTest" name="DischargePatient_Test" time="11.173"/>
  <system-out/>
  <testcase classname="comcast_hms_testNgTest.Hms_AllTest" name="RoomInformationIsymbol_Test" time="2.237"/>
  <system-out/>
  <testcase classname="comcast_hms_testNgTest.Hms_AllTest" name="StaffDoctorWorkingTimeCheckTest" time="1.402"/>
  <system-out/>
  <testcase classname="comcast_hms_testNgTest.Hms_AllTest" name="patientRegistrationToPatientSearch_Test" time="4.912">
    <error message="element click intercepted: Element &lt;strong&gt;...&lt;/strong&gt; is not clickable at point (847, 9). Other element would receive the click: &lt;a href=&quot;invoinfo.php&quot;&gt;...&lt;/a&gt;
  (Session info: chrome=134.0.6998.89)
Build info: version: &#039;4.28.1&#039;, revision: &#039;73f5ad48a2&#039;
System info: os.name: &#039;Windows 11&#039;, os.arch: &#039;amd64&#039;, os.version: &#039;10.0&#039;, java.version: &#039;22.0.1&#039;
Driver info: org.openqa.selenium.chrome.ChromeDriver
Command: [cbbef8fe7f254df7411b3650d4fe4707, clickElement {id=f.03EEFAC9BB7E0FBA211E88F7528996E9.d.E4C28FEAFC8DEB14E9794557035549E5.e.161}]
Capabilities {acceptInsecureCerts: false, browserName: chrome, browserVersion: 134.0.6998.89, chrome: {chromedriverVersion: 134.0.6998.88 (7e3d5c978c6d..., userDataDir: C:\Users\dhivy\AppData\Loca...}, fedcm:accounts: true, goog:chromeOptions: {debuggerAddress: localhost:57200}, networkConnectionEnabled: false, pageLoadStrategy: normal, platformName: windows, proxy: Proxy(), se:cdp: ws://localhost:57200/devtoo..., se:cdpVersion: 134.0.6998.89, setWindowRect: true, strictFileInteractability: false, timeouts: {implicit: 0, pageLoad: 300000, script: 30000}, unhandledPromptBehavior: dismiss and notify, webauthn:extension:credBlob: true, webauthn:extension:largeBlob: true, webauthn:extension:minPinLength: true, webauthn:extension:prf: true, webauthn:virtualAuthenticators: true}
Element: [[ChromeDriver: chrome on windows (cbbef8fe7f254df7411b3650d4fe4707)] -&gt; xpath: //strong[text()=&#039;Patient Search&#039;]]
Session ID: cbbef8fe7f254df7411b3650d4fe4707" type="org.openqa.selenium.ElementClickInterceptedException">
      <![CDATA[org.openqa.selenium.ElementClickInterceptedException: element click intercepted: Element <strong>...</strong> is not clickable at point (847, 9). Other element would receive the click: <a href="invoinfo.php">...</a>
  (Session info: chrome=134.0.6998.89)
Build info: version: '4.28.1', revision: '73f5ad48a2'
System info: os.name: 'Windows 11', os.arch: 'amd64', os.version: '10.0', java.version: '22.0.1'
Driver info: org.openqa.selenium.chrome.ChromeDriver
Command: [cbbef8fe7f254df7411b3650d4fe4707, clickElement {id=f.03EEFAC9BB7E0FBA211E88F7528996E9.d.E4C28FEAFC8DEB14E9794557035549E5.e.161}]
Capabilities {acceptInsecureCerts: false, browserName: chrome, browserVersion: 134.0.6998.89, chrome: {chromedriverVersion: 134.0.6998.88 (7e3d5c978c6d..., userDataDir: C:\Users\dhivy\AppData\Loca...}, fedcm:accounts: true, goog:chromeOptions: {debuggerAddress: localhost:57200}, networkConnectionEnabled: false, pageLoadStrategy: normal, platformName: windows, proxy: Proxy(), se:cdp: ws://localhost:57200/devtoo..., se:cdpVersion: 134.0.6998.89, setWindowRect: true, strictFileInteractability: false, timeouts: {implicit: 0, pageLoad: 300000, script: 30000}, unhandledPromptBehavior: dismiss and notify, webauthn:extension:credBlob: true, webauthn:extension:largeBlob: true, webauthn:extension:minPinLength: true, webauthn:extension:prf: true, webauthn:virtualAuthenticators: true}
Element: [[ChromeDriver: chrome on windows (cbbef8fe7f254df7411b3650d4fe4707)] -> xpath: //strong[text()='Patient Search']]
Session ID: cbbef8fe7f254df7411b3650d4fe4707
at java.base/jdk.internal.reflect.DirectConstructorHandleAccessor.newInstance(DirectConstructorHandleAccessor.java:62)
at java.base/java.lang.reflect.Constructor.newInstanceWithCaller(Constructor.java:502)
at java.base/java.lang.reflect.Constructor.newInstance(Constructor.java:486)
at org.openqa.selenium.remote.ErrorCodec.decode(ErrorCodec.java:167)
at org.openqa.selenium.remote.codec.w3c.W3CHttpResponseCodec.decode(W3CHttpResponseCodec.java:138)
at org.openqa.selenium.remote.codec.w3c.W3CHttpResponseCodec.decode(W3CHttpResponseCodec.java:50)
at org.openqa.selenium.remote.HttpCommandExecutor.execute(HttpCommandExecutor.java:215)
at org.openqa.selenium.remote.service.DriverCommandExecutor.invokeExecute(DriverCommandExecutor.java:216)
at org.openqa.selenium.remote.service.DriverCommandExecutor.execute(DriverCommandExecutor.java:174)
at org.openqa.selenium.remote.RemoteWebDriver.execute(RemoteWebDriver.java:545)
at org.openqa.selenium.remote.RemoteWebElement.execute(RemoteWebElement.java:223)
at org.openqa.selenium.remote.RemoteWebElement.click(RemoteWebElement.java:76)
at java.base/jdk.internal.reflect.DirectMethodHandleAccessor.invoke(DirectMethodHandleAccessor.java:103)
at java.base/java.lang.reflect.Method.invoke(Method.java:580)
at org.openqa.selenium.support.pagefactory.internal.LocatingElementHandler.invoke(LocatingElementHandler.java:51)
at jdk.proxy2/jdk.proxy2.$Proxy21.click(Unknown Source)
at com.comcast.hms.ObjectRepository.PatientInfoPage.navigatepatientSearchLink(PatientInfoPage.java:54)
at comcast_hms_testNgTest.Hms_AllTest.patientRegistrationToPatientSearch_Test(Hms_AllTest.java:317)
at java.base/jdk.internal.reflect.DirectMethodHandleAccessor.invoke(DirectMethodHandleAccessor.java:103)
at java.base/java.lang.reflect.Method.invoke(Method.java:580)
at org.testng.internal.invokers.MethodInvocationHelper.invokeMethod(MethodInvocationHelper.java:139)
at org.testng.internal.invokers.TestInvoker.invokeMethod(TestInvoker.java:677)
at org.testng.internal.invokers.TestInvoker.invokeTestMethod(TestInvoker.java:221)
at org.testng.internal.invokers.MethodRunner.runInSequence(MethodRunner.java:50)
at org.testng.internal.invokers.TestInvoker$MethodInvocationAgent.invoke(TestInvoker.java:969)
at org.testng.internal.invokers.TestInvoker.invokeTestMethods(TestInvoker.java:194)
at org.testng.internal.invokers.TestMethodWorker.invokeTestMethods(TestMethodWorker.java:148)
at org.testng.internal.invokers.TestMethodWorker.run(TestMethodWorker.java:128)
at java.base/java.util.ArrayList.forEach(ArrayList.java:1597)
at org.testng.TestRunner.privateRun(TestRunner.java:829)
at org.testng.TestRunner.run(TestRunner.java:602)
at org.testng.SuiteRunner.runTest(SuiteRunner.java:437)
at org.testng.SuiteRunner.runSequentially(SuiteRunner.java:431)
at org.testng.SuiteRunner.privateRun(SuiteRunner.java:391)
at org.testng.SuiteRunner.run(SuiteRunner.java:330)
at org.testng.SuiteRunnerWorker.runSuite(SuiteRunnerWorker.java:52)
at org.testng.SuiteRunnerWorker.run(SuiteRunnerWorker.java:95)
at org.testng.TestNG.runSuitesSequentially(TestNG.java:1256)
at org.testng.TestNG.runSuitesLocally(TestNG.java:1176)
at org.testng.TestNG.runSuites(TestNG.java:1099)
at org.testng.TestNG.run(TestNG.java:1067)
at org.testng.remote.AbstractRemoteTestNG.run(AbstractRemoteTestNG.java:115)
at org.testng.remote.RemoteTestNG.initAndRun(RemoteTestNG.java:293)
at org.testng.remote.RemoteTestNG.main(RemoteTestNG.java:91)
]]>
    </error>
  </testcase> <!-- patientRegistrationToPatientSearch_Test -->
  <system-out/>
  <testcase classname="comcast_hms_testNgTest.Hms_AllTest" name="UpdateRoomInformationTest" time="4.421"/>
  <system-out/>
  <testcase classname="comcast_hms_testNgTest.Hms_AllTest" name="staffTest" time="8.759"/>
  <system-out/>
</testsuite> <!-- comcast_hms_testNgTest.Hms_AllTest -->
